<?xml version="1.0" encoding="UTF-8"?>
<testng-results ignored="0" total="9" passed="9" failed="0" skipped="0">
  <reporter-output>
    <line>
      <![CDATA[Running tc1]]>
    </line>
    <line>
      <![CDATA[Running tc2]]>
    </line>
    <line>
      <![CDATA[Running tc3]]>
    </line>
    <line>
      <![CDATA[Running tc7]]>
    </line>
    <line>
      <![CDATA[Running tc8]]>
    </line>
    <line>
      <![CDATA[Running tc9]]>
    </line>
    <line>
      <![CDATA[Running tc4]]>
    </line>
    <line>
      <![CDATA[Running tc5]]>
    </line>
    <line>
      <![CDATA[Running tc6]]>
    </line>
  </reporter-output>
  <suite started-at="2022-08-29T15:39:16 IST" name="Suite" finished-at="2022-08-29T15:39:16 IST" duration-ms="156">
    <groups>
    </groups>
    <test started-at="2022-08-29T15:39:16 IST" name="Test" finished-at="2022-08-29T15:39:16 IST" duration-ms="156">
      <class name="Batch_Execution_Testing.C">
        <test-method signature="tc7()[pri:0, instance:Batch_Execution_Testing.C@192d43ce]" started-at="2022-08-29T15:39:16 IST" name="tc7" finished-at="2022-08-29T15:39:16 IST" duration-ms="16" status="PASS">
          <reporter-output>
            <line>
              <![CDATA[Running tc7]]>
            </line>
          </reporter-output>
        </test-method> <!-- tc7 -->
        <test-method signature="tc8()[pri:0, instance:Batch_Execution_Testing.C@192d43ce]" started-at="2022-08-29T15:39:16 IST" name="tc8" finished-at="2022-08-29T15:39:16 IST" duration-ms="3" status="PASS">
          <reporter-output>
            <line>
              <![CDATA[Running tc8]]>
            </line>
          </reporter-output>
        </test-method> <!-- tc8 -->
        <test-method signature="tc9()[pri:0, instance:Batch_Execution_Testing.C@192d43ce]" started-at="2022-08-29T15:39:16 IST" name="tc9" finished-at="2022-08-29T15:39:16 IST" duration-ms="6" status="PASS">
          <reporter-output>
            <line>
              <![CDATA[Running tc9]]>
            </line>
          </reporter-output>
        </test-method> <!-- tc9 -->
      </class> <!-- Batch_Execution_Testing.C -->
      <class name="Batch_Execution_Testing.B">
        <test-method signature="tc4()[pri:0, instance:Batch_Execution_Testing.B@72057ecf]" started-at="2022-08-29T15:39:16 IST" name="tc4" finished-at="2022-08-29T15:39:16 IST" duration-ms="2" status="PASS">
          <reporter-output>
            <line>
              <![CDATA[Running tc4]]>
            </line>
          </reporter-output>
        </test-method> <!-- tc4 -->
        <test-method signature="tc5()[pri:0, instance:Batch_Execution_Testing.B@72057ecf]" started-at="2022-08-29T15:39:16 IST" name="tc5" finished-at="2022-08-29T15:39:16 IST" duration-ms="4" status="PASS">
          <reporter-output>
            <line>
              <![CDATA[Running tc5]]>
            </line>
          </reporter-output>
        </test-method> <!-- tc5 -->
        <test-method signature="tc6()[pri:0, instance:Batch_Execution_Testing.B@72057ecf]" started-at="2022-08-29T15:39:16 IST" name="tc6" finished-at="2022-08-29T15:39:16 IST" duration-ms="2" status="PASS">
          <reporter-output>
            <line>
              <![CDATA[Running tc6]]>
            </line>
          </reporter-output>
        </test-method> <!-- tc6 -->
      </class> <!-- Batch_Execution_Testing.B -->
      <class name="Batch_Execution_Testing.A">
        <test-method signature="tc1()[pri:0, instance:Batch_Execution_Testing.A@20deea7f]" started-at="2022-08-29T15:39:16 IST" name="tc1" finished-at="2022-08-29T15:39:16 IST" duration-ms="20" status="PASS">
          <reporter-output>
            <line>
              <![CDATA[Running tc1]]>
            </line>
          </reporter-output>
        </test-method> <!-- tc1 -->
        <test-method signature="tc2()[pri:0, instance:Batch_Execution_Testing.A@20deea7f]" started-at="2022-08-29T15:39:16 IST" name="tc2" finished-at="2022-08-29T15:39:16 IST" duration-ms="4" status="PASS">
          <reporter-output>
            <line>
              <![CDATA[Running tc2]]>
            </line>
          </reporter-output>
        </test-method> <!-- tc2 -->
        <test-method signature="tc3()[pri:0, instance:Batch_Execution_Testing.A@20deea7f]" started-at="2022-08-29T15:39:16 IST" name="tc3" finished-at="2022-08-29T15:39:16 IST" duration-ms="3" status="PASS">
          <reporter-output>
            <line>
              <![CDATA[Running tc3]]>
            </line>
          </reporter-output>
        </test-method> <!-- tc3 -->
      </class> <!-- Batch_Execution_Testing.A -->
    </test> <!-- Test -->
  </suite> <!-- Suite -->
</testng-results>
