<?xml version="1.0" encoding="UTF-8"?>
<!-- Generated by org.testng.reporters.JUnitXMLReporter -->
<testsuite ignored="3" hostname="DELL" failures="0" tests="3" name="Test1" time="0.207" errors="0" timestamp="2022-11-17T12:32:10 IST">
  <testcase classname="Grouping_in_TestNG.Grouping" name="checkingSpelling" time="0.041"/>
  <testcase classname="Grouping_in_TestNG.Grouping" name="verifyLogo" time="0.011"/>
  <testcase classname="Grouping_in_TestNG.Grouping" name="verifyTitle" time="0.005"/>
  <testcase classname="Grouping_in_TestNG.Grouping" name="enetrPassword" time="0.0">
    <ignored/>
  </testcase> <!-- enetrPassword -->
  <testcase classname="Grouping_in_TestNG.Grouping" name="clickOnSubmitButton" time="0.0">
    <ignored/>
  </testcase> <!-- clickOnSubmitButton -->
  <testcase classname="Grouping_in_TestNG.Grouping" name="enterUserName" time="0.0">
    <ignored/>
  </testcase> <!-- enterUserName -->
</testsuite> <!-- Test1 -->
