<?xml version="1.0" encoding="UTF-8"?>
<!-- Generated by org.testng.reporters.JUnitXMLReporter -->
<testsuite ignored="3" hostname="DELL" failures="0" tests="3" name="Test" time="0.114" errors="0" timestamp="2022-11-15T16:33:07 IST">
  <testcase classname="Grouping_in_TestNG.Grouping" name="clickOnSubmitButton" time="0.026"/>
  <testcase classname="Grouping_in_TestNG.Grouping" name="enetrPassword" time="0.003"/>
  <testcase classname="Grouping_in_TestNG.Grouping" name="enterUserName" time="0.008"/>
  <testcase classname="Grouping_in_TestNG.Grouping" name="checkingSpelling" time="0.0">
    <ignored/>
  </testcase> <!-- checkingSpelling -->
  <testcase classname="Grouping_in_TestNG.Grouping" name="verifyLogo" time="0.0">
    <ignored/>
  </testcase> <!-- verifyLogo -->
  <testcase classname="Grouping_in_TestNG.Grouping" name="verifyTitle" time="0.0">
    <ignored/>
  </testcase> <!-- verifyTitle -->
</testsuite> <!-- Test -->
