<?xml version="1.0" encoding="UTF-8"?>
<testng-results ignored="0" total="1" passed="1" failed="0" skipped="0">
  <reporter-output>
    <line>
      <![CDATA[Running verify userText]]>
    </line>
    <line>
      <![CDATA[Logout successfully]]>
    </line>
    <line>
      <![CDATA[Close the Application]]>
    </line>
  </reporter-output>
  <suite started-at="2022-10-12T11:37:28 IST" name="Default suite" finished-at="2022-10-12T11:38:03 IST" duration-ms="35268">
    <groups>
    </groups>
    <test started-at="2022-10-12T11:37:28 IST" name="Default test" finished-at="2022-10-12T11:38:03 IST" duration-ms="35268">
      <class name="POM_with_DDF_TESTNG2.Actitime_TestT">
        <test-method is-config="true" signature="openBrowser()[pri:0, instance:POM_with_DDF_TESTNG2.Actitime_TestT@2e005c4b]" started-at="2022-10-12T11:37:28 IST" name="openBrowser" finished-at="2022-10-12T11:37:54 IST" duration-ms="26253" status="PASS">
          <reporter-output>
          </reporter-output>
        </test-method> <!-- openBrowser -->
        <test-method is-config="true" signature="logInToApplications()[pri:0, instance:POM_with_DDF_TESTNG2.Actitime_TestT@2e005c4b]" started-at="2022-10-12T11:37:54 IST" name="logInToApplications" finished-at="2022-10-12T11:37:55 IST" duration-ms="476" status="PASS">
          <reporter-output>
          </reporter-output>
        </test-method> <!-- logInToApplications -->
        <test-method signature="verifyuserId()[pri:0, instance:POM_with_DDF_TESTNG2.Actitime_TestT@2e005c4b]" started-at="2022-10-12T11:37:55 IST" name="verifyuserId" finished-at="2022-10-12T11:38:00 IST" duration-ms="5605" status="PASS">
          <reporter-output>
            <line>
              <![CDATA[Running verify userText]]>
            </line>
          </reporter-output>
        </test-method> <!-- verifyuserId -->
        <test-method is-config="true" signature="logOutApplication()[pri:0, instance:POM_with_DDF_TESTNG2.Actitime_TestT@2e005c4b]" started-at="2022-10-12T11:38:00 IST" name="logOutApplication" finished-at="2022-10-12T11:38:03 IST" duration-ms="2591" status="PASS">
          <reporter-output>
            <line>
              <![CDATA[Logout successfully]]>
            </line>
          </reporter-output>
        </test-method> <!-- logOutApplication -->
        <test-method is-config="true" signature="closeBrowser()[pri:0, instance:POM_with_DDF_TESTNG2.Actitime_TestT@2e005c4b]" started-at="2022-10-12T11:38:03 IST" name="closeBrowser" finished-at="2022-10-12T11:38:03 IST" duration-ms="287" status="PASS">
          <reporter-output>
            <line>
              <![CDATA[Close the Application]]>
            </line>
          </reporter-output>
        </test-method> <!-- closeBrowser -->
      </class> <!-- POM_with_DDF_TESTNG2.Actitime_TestT -->
    </test> <!-- Default test -->
  </suite> <!-- Default suite -->
</testng-results>
