<?xml version="1.0" encoding="UTF-8"?>
<testng-results ignored="1" total="3" passed="2" failed="0" skipped="0">
  <reporter-output>
    <line>
      <![CDATA[Running TC1]]>
    </line>
    <line>
      <![CDATA[Running TC2]]>
    </line>
  </reporter-output>
  <suite started-at="2022-08-29T15:45:05 IST" name="Suite" finished-at="2022-08-29T15:45:05 IST" duration-ms="94">
    <groups>
    </groups>
    <test started-at="2022-08-29T15:45:05 IST" name="Test" finished-at="2022-08-29T15:45:05 IST" duration-ms="94">
      <class name="BatchExecution_Using_Suit.Disable_TC_using_suite">
        <test-method signature="TC1()[pri:0, instance:BatchExecution_Using_Suit.Disable_TC_using_suite@61df66b6]" started-at="2022-08-29T15:45:05 IST" name="TC1" finished-at="2022-08-29T15:45:05 IST" duration-ms="26" status="PASS">
          <reporter-output>
            <line>
              <![CDATA[Running TC1]]>
            </line>
          </reporter-output>
        </test-method> <!-- TC1 -->
        <test-method signature="TC2()[pri:0, instance:BatchExecution_Using_Suit.Disable_TC_using_suite@61df66b6]" started-at="2022-08-29T15:45:05 IST" name="TC2" finished-at="2022-08-29T15:45:05 IST" duration-ms="7" status="PASS">
          <reporter-output>
            <line>
              <![CDATA[Running TC2]]>
            </line>
          </reporter-output>
        </test-method> <!-- TC2 -->
      </class> <!-- BatchExecution_Using_Suit.Disable_TC_using_suite -->
    </test> <!-- Test -->
  </suite> <!-- Suite -->
</testng-results>
