<?xml version="1.0" encoding="UTF-8"?>
<testng-results ignored="0" total="3" passed="3" failed="0" skipped="0">
  <reporter-output>
  </reporter-output>
  <suite started-at="2022-08-30T10:27:16 IST" name="Suite" finished-at="2022-08-30T10:28:17 IST" duration-ms="61575">
    <groups>
    </groups>
    <test started-at="2022-08-30T10:27:16 IST" name="Test3" finished-at="2022-08-30T10:28:14 IST" duration-ms="58438">
      <class name="Parrallel_Testing.parallel3">
        <test-method signature="TC3()[pri:0, instance:Parrallel_Testing.parallel3@5158b42f]" started-at="2022-08-30T10:27:16 IST" name="TC3" finished-at="2022-08-30T10:28:14 IST" duration-ms="58381" status="PASS">
          <reporter-output>
          </reporter-output>
        </test-method> <!-- TC3 -->
      </class> <!-- Parrallel_Testing.parallel3 -->
    </test> <!-- Test3 -->
    <test started-at="2022-08-30T10:27:16 IST" name="Test1" finished-at="2022-08-30T10:28:12 IST" duration-ms="55969">
      <class name="Parrallel_Testing.parallel1">
        <test-method signature="TC1()[pri:0, instance:Parrallel_Testing.parallel1@188715b5]" started-at="2022-08-30T10:27:16 IST" name="TC1" finished-at="2022-08-30T10:28:11 IST" duration-ms="55554" status="PASS">
          <reporter-output>
          </reporter-output>
        </test-method> <!-- TC1 -->
      </class> <!-- Parrallel_Testing.parallel1 -->
    </test> <!-- Test1 -->
    <test started-at="2022-08-30T10:27:16 IST" name="Test2" finished-at="2022-08-30T10:28:17 IST" duration-ms="61575">
      <class name="Parrallel_Testing.parallel2">
        <test-method signature="TC2()[pri:0, instance:Parrallel_Testing.parallel2@dd8ba08]" started-at="2022-08-30T10:27:16 IST" name="TC2" finished-at="2022-08-30T10:28:17 IST" duration-ms="61517" status="PASS">
          <reporter-output>
          </reporter-output>
        </test-method> <!-- TC2 -->
      </class> <!-- Parrallel_Testing.parallel2 -->
    </test> <!-- Test2 -->
  </suite> <!-- Suite -->
</testng-results>
