<?xml version="1.0" encoding="UTF-8"?>
<testng-results ignored="0" total="3" passed="3" failed="0" skipped="0">
  <reporter-output>
    <line>
      <![CDATA[Hi I am running From TC1]]>
    </line>
    <line>
      <![CDATA[Hi I am running From TC2]]>
    </line>
    <line>
      <![CDATA[Hi I am running From TC3]]>
    </line>
  </reporter-output>
  <suite started-at="2022-08-26T14:07:26 IST" name="Default suite" finished-at="2022-08-26T14:07:26 IST" duration-ms="96">
    <groups>
    </groups>
    <test started-at="2022-08-26T14:07:26 IST" name="Default test" finished-at="2022-08-26T14:07:26 IST" duration-ms="96">
      <class name="TestNG_Program.TestNG_Class1">
        <test-method signature="Tc1()[pri:0, instance:TestNG_Program.TestNG_Class1@61df66b6]" started-at="2022-08-26T14:07:26 IST" name="Tc1" finished-at="2022-08-26T14:07:26 IST" duration-ms="19" status="PASS">
          <reporter-output>
            <line>
              <![CDATA[Hi I am running From TC1]]>
            </line>
          </reporter-output>
        </test-method> <!-- Tc1 -->
        <test-method signature="Tc2()[pri:0, instance:TestNG_Program.TestNG_Class1@61df66b6]" started-at="2022-08-26T14:07:26 IST" name="Tc2" finished-at="2022-08-26T14:07:26 IST" duration-ms="2" status="PASS">
          <reporter-output>
            <line>
              <![CDATA[Hi I am running From TC2]]>
            </line>
          </reporter-output>
        </test-method> <!-- Tc2 -->
        <test-method signature="Tc3()[pri:0, instance:TestNG_Program.TestNG_Class1@61df66b6]" started-at="2022-08-26T14:07:26 IST" name="Tc3" finished-at="2022-08-26T14:07:26 IST" duration-ms="2" status="PASS">
          <reporter-output>
            <line>
              <![CDATA[Hi I am running From TC3]]>
            </line>
          </reporter-output>
        </test-method> <!-- Tc3 -->
      </class> <!-- TestNG_Program.TestNG_Class1 -->
    </test> <!-- Default test -->
  </suite> <!-- Default suite -->
</testng-results>
